Increment Time CutbackLevel Converged IterationsNeeded
           1  0.50000000000000000                0 T           8
           2   1.0000000000000000                0 T          32
           3   1.5000000000000000                0 T          21
           4   2.0000000000000000                0 T          22
           5   2.5000000000000000                0 T          19
           6   3.0000000000000000                0 T          15
           7   3.5000000000000000                0 T          15
           8   4.0000000000000000                0 T          13
           9   4.5000000000000000                0 T          11
          10   5.0000000000000000                0 T          13
          11   5.5000000000000000                0 T          12
          12   6.0000000000000000                0 T           9
          13   6.5000000000000000                0 T           9
          14   7.0000000000000000                0 T           8
          15   7.5000000000000000                0 T           6
          16   8.0000000000000000                0 T           6
          17   8.5000000000000000                0 T           6
          18   9.0000000000000000                0 T           7
          19   9.5000000000000000                0 T           6
          20   10.000000000000000                0 T           6
          21   10.500000000000000                0 T           6
          22   11.000000000000000                0 T           5
          23   11.500000000000000                0 T           4
          24   12.000000000000000                0 T           5
          25   12.500000000000000                0 T           4
          26   13.000000000000000                0 T           5
          27   13.500000000000000                0 T           5
          28   14.000000000000000                0 T           5
          29   14.500000000000000                0 T           5
          30   15.000000000000000                0 T           4
          31   15.500000000000000                0 T           5
          32   16.000000000000000                0 T           4
          33   16.500000000000000                0 T           4
          34   17.000000000000000                0 T           4
          35   17.500000000000000                0 T           4
          36   18.000000000000000                0 T           4
          37   18.500000000000000                0 T           3
          38   19.000000000000000                0 T           4
          39   19.500000000000000                0 T           2
          40   20.000000000000000                0 T           4
          41   20.500000000000000                0 T           2
          42   21.000000000000000                0 T           4
          43   21.500000000000000                0 T           3
          44   22.000000000000000                0 T           4
          45   22.500000000000000                0 T           3
          46   23.000000000000000                0 T           4
          47   23.500000000000000                0 T           4
          48   24.000000000000000                0 T           3
          49   24.500000000000000                0 T           4
          50   25.000000000000000                0 T           3
          51   25.500000000000000                0 T           4
          52   26.000000000000000                0 T           3
          53   26.500000000000000                0 T           4
          54   27.000000000000000                0 T           3
          55   27.500000000000000                0 T           4
          56   28.000000000000000                0 T           3
          57   28.500000000000000                0 T           4
          58   29.000000000000000                0 T           3
          59   29.500000000000000                0 T           4
          60   30.000000000000000                0 T           2
          61   30.500000000000000                0 T           4
          62   31.000000000000000                0 T           2
          63   31.500000000000000                0 T           3
          64   32.000000000000000                0 T           3
          65   32.500000000000000                0 T           2
          66   33.000000000000000                0 T           3
          67   33.500000000000000                0 T           3
          68   34.000000000000000                0 T           2
          69   34.500000000000000                0 T           3
          70   35.000000000000000                0 T           3
          71   35.500000000000000                0 T           1
          72   36.000000000000000                0 T           3
          73   36.500000000000000                0 T           3
          74   37.000000000000000                0 T           3
          75   37.500000000000000                0 T           3
          76   38.000000000000000                0 T           4
          77   38.500000000000000                0 T           2
          78   39.000000000000000                0 T           4
          79   39.500000000000000                0 T           2
          80   40.000000000000000                0 T           3
          81   40.500000000000000                0 T           3
          82   41.000000000000000                0 T           2
          83   41.500000000000000                0 T           3
          84   42.000000000000000                0 T           3
          85   42.500000000000000                0 T           3
          86   43.000000000000000                0 T           4
          87   43.500000000000000                0 T           2
          88   44.000000000000000                0 T           2
          89   44.500000000000000                0 T           3
          90   45.000000000000000                0 T           3
          91   45.500000000000000                0 T           3
          92   46.000000000000000                0 T           4
          93   46.500000000000000                0 T           2
          94   47.000000000000000                0 T           4
          95   47.500000000000000                0 T           2
          96   48.000000000000000                0 T           4
          97   48.500000000000000                0 T           2
          98   49.000000000000000                0 T           3
          99   49.500000000000000                0 T           3
         100   50.000000000000000                0 T           2
         101   50.500000000000000                0 T           3
         102   51.000000000000000                0 T           2
         103   51.500000000000000                0 T           3
         104   52.000000000000000                0 T           3
         105   52.500000000000000                0 T           2
         106   53.000000000000000                0 T           3
         107   53.500000000000000                0 T           3
         108   54.000000000000000                0 T           2
         109   54.500000000000000                0 T           3
         110   55.000000000000000                0 T           2
         111   55.500000000000000                0 T           3
         112   56.000000000000000                0 T           3
         113   56.500000000000000                0 T           2
         114   57.000000000000000                0 T           3
         115   57.500000000000000                0 T           3
         116   58.000000000000000                0 T           2
         117   58.500000000000000                0 T           3
         118   59.000000000000000                0 T           2
         119   59.500000000000000                0 T           3
         120   60.000000000000000                0 T           2
         121   60.500000000000000                0 T           3
         122   61.000000000000000                0 T           3
         123   61.500000000000000                0 T           3
         124   62.000000000000000                0 T           3
         125   62.500000000000000                0 T           3
         126   63.000000000000000                0 T           3
         127   63.500000000000000                0 T           3
         128   64.000000000000000                0 T           3
         129   64.500000000000000                0 T           4
         130   65.000000000000000                0 T           2
         131   65.500000000000000                0 T           3
         132   66.000000000000000                0 T           3
         133   66.500000000000000                0 T           2
         134   67.000000000000000                0 T           3
         135   67.500000000000000                0 T           2
         136   68.000000000000000                0 T           3
         137   68.500000000000000                0 T           2
         138   69.000000000000000                0 T           3
         139   69.500000000000000                0 T           2
         140   70.000000000000000                0 T           3
         141   70.500000000000000                0 T           3
         142   71.000000000000000                0 T           2
         143   71.500000000000000                0 T           3
         144   72.000000000000000                0 T           2
         145   72.500000000000000                0 T           3
         146   73.000000000000000                0 T           2
         147   73.500000000000000                0 T           3
         148   74.000000000000000                0 T           2
         149   74.500000000000000                0 T           3
         150   75.000000000000000                0 T           3
         151   75.500000000000000                0 T           2
         152   76.000000000000000                0 T           3
         153   76.500000000000000                0 T           2
         154   77.000000000000000                0 T           3
         155   77.500000000000000                0 T           1
         156   78.000000000000000                0 T           3
         157   78.500000000000000                0 T           1
         158   79.000000000000000                0 T           3
         159   79.500000000000000                0 T           1
         160   80.000000000000000                0 T           3
         161   80.500000000000000                0 T           2
         162   81.000000000000000                0 T           2
         163   81.500000000000000                0 T           3
         164   82.000000000000000                0 T           2
         165   82.500000000000000                0 T           3
         166   83.000000000000000                0 T           3
         167   83.500000000000000                0 T           2
         168   84.000000000000000                0 T           3
         169   84.500000000000000                0 T           3
         170   85.000000000000000                0 T           3
         171   85.500000000000000                0 T           3
         172   86.000000000000000                0 T           3
         173   86.500000000000000                0 T           3
         174   87.000000000000000                0 T           3
         175   87.500000000000000                0 T           4
         176   88.000000000000000                0 T           2
         177   88.500000000000000                0 T           2
         178   89.000000000000000                0 T           3
         179   89.500000000000000                0 T           3
         180   90.000000000000000                0 T           3
         181   90.500000000000000                0 T           3
         182   91.000000000000000                0 T           3
         183   91.500000000000000                0 T           3
         184   92.000000000000000                0 T           3
         185   92.500000000000000                0 T           3
         186   93.000000000000000                0 T           3
         187   93.500000000000000                0 T           3
         188   94.000000000000000                0 T           4
         189   94.500000000000000                0 T           4
         190   95.000000000000000                0 T           3
         191   95.500000000000000                0 T           4
         192   96.000000000000000                0 T           2
         193   96.500000000000000                0 T           3
         194   97.000000000000000                0 T           3
         195   97.500000000000000                0 T           3
         196   98.000000000000000                0 T           3
         197   98.500000000000000                0 T           3
         198   99.000000000000000                0 T           3
         199   99.500000000000000                0 T           4
         200   100.00000000000000                0 T           1
         201   100.50000000000000                0 T           3
         202   101.00000000000000                0 T           3
         203   101.50000000000000                0 T           2
         204   102.00000000000000                0 T           3
         205   102.50000000000000                0 T           3
         206   103.00000000000000                0 T           2
         207   103.50000000000000                0 T           3
         208   104.00000000000000                0 T           3
         209   104.50000000000000                0 T           2
         210   105.00000000000000                0 T           3
         211   105.50000000000000                0 T           2
         212   106.00000000000000                0 T           3
         213   106.50000000000000                0 T           3
         214   107.00000000000000                0 T           2
         215   107.50000000000000                0 T           3
         216   108.00000000000000                0 T           2
         217   108.50000000000000                0 T           3
         218   109.00000000000000                0 T           2
         219   109.50000000000000                0 T           2
         220   110.00000000000000                0 T           3
         221   110.50000000000000                0 T           1
         222   111.00000000000000                0 T           3
         223   111.50000000000000                0 T           2
         224   112.00000000000000                0 T           3
         225   112.50000000000000                0 T           3
         226   113.00000000000000                0 T           2
         227   113.50000000000000                0 T           4
         228   114.00000000000000                0 T           3
         229   114.50000000000000                0 T           3
         230   115.00000000000000                0 T           3
         231   115.50000000000000                0 T           3
         232   116.00000000000000                0 T           4
         233   116.50000000000000                0 T           1
         234   117.00000000000000                0 T           3
         235   117.50000000000000                0 T           3
         236   118.00000000000000                0 T           2
         237   118.50000000000000                0 T           3
         238   119.00000000000000                0 T           2
         239   119.50000000000000                0 T           2
         240   120.00000000000000                0 T           3
         241   120.50000000000000                0 T           2
         242   121.00000000000000                0 T           3
         243   121.50000000000000                0 T           3
         244   122.00000000000000                0 T           2
         245   122.50000000000000                0 T           3
         246   123.00000000000000                0 T           3
         247   123.50000000000000                0 T           4
         248   124.00000000000000                0 T           2
         249   124.50000000000000                0 T           3
         250   125.00000000000000                0 T           3
         251   125.50000000000000                0 T           3
         252   126.00000000000000                0 T           3
         253   126.50000000000000                0 T           3
         254   127.00000000000000                0 T           3
         255   127.50000000000000                0 T           3
         256   128.00000000000000                0 T           2
         257   128.50000000000000                0 T           3
         258   129.00000000000000                0 T           2
         259   129.50000000000000                0 T           3
         260   130.00000000000000                0 T           1
         261   130.50000000000000                0 T           3
         262   131.00000000000000                0 T           2
         263   131.50000000000000                0 T           3
         264   132.00000000000000                0 T           2
         265   132.50000000000000                0 T           3
         266   133.00000000000000                0 T           2
         267   133.50000000000000                0 T           3
         268   134.00000000000000                0 T           1
         269   134.50000000000000                0 T           3
         270   135.00000000000000                0 T           1
         271   135.50000000000000                0 T           3
         272   136.00000000000000                0 T           2
         273   136.50000000000000                0 T           3
         274   137.00000000000000                0 T           1
         275   137.50000000000000                0 T           3
         276   138.00000000000000                0 T           1
         277   138.50000000000000                0 T           2
         278   139.00000000000000                0 T           2
         279   139.50000000000000                0 T           3
         280   140.00000000000000                0 T           1
         281   140.50000000000000                0 T           2
         282   141.00000000000000                0 T           2
         283   141.50000000000000                0 T           3
         284   142.00000000000000                0 T           1
         285   142.50000000000000                0 T           3
         286   143.00000000000000                0 T           2
         287   143.50000000000000                0 T           3
         288   144.00000000000000                0 T           2
         289   144.50000000000000                0 T           4
         290   145.00000000000000                0 T           1
         291   145.50000000000000                0 T           3
         292   146.00000000000000                0 T           3
         293   146.50000000000000                0 T           3
         294   147.00000000000000                0 T           3
         295   147.50000000000000                0 T           3
         296   148.00000000000000                0 T           3
         297   148.50000000000000                0 T           3
         298   149.00000000000000                0 T           4
         299   149.50000000000000                0 T           2
         300   150.00000000000000                0 T           3
         301   150.50000000000000                0 T           4
         302   151.00000000000000                0 T           2
         303   151.50000000000000                0 T           4
         304   152.00000000000000                0 T           2
         305   152.50000000000000                0 T           3
         306   153.00000000000000                0 T           3
         307   153.50000000000000                0 T           3
         308   154.00000000000000                0 T           4
         309   154.50000000000000                0 T           1
         310   155.00000000000000                0 T           3
         311   155.50000000000000                0 T           3
         312   156.00000000000000                0 T           2
         313   156.50000000000000                0 T           3
         314   157.00000000000000                0 T           2
         315   157.50000000000000                0 T           3
         316   158.00000000000000                0 T           3
         317   158.50000000000000                0 T           3
         318   159.00000000000000                0 T           3
         319   159.50000000000000                0 T           3
         320   160.00000000000000                0 T           3
         321   160.50000000000000                0 T           3
         322   161.00000000000000                0 T           3
         323   161.50000000000000                0 T           3
         324   162.00000000000000                0 T           4
         325   162.50000000000000                0 T           3
         326   163.00000000000000                0 T           3
         327   163.50000000000000                0 T           3
         328   164.00000000000000                0 T           4
         329   164.50000000000000                0 T           1
         330   165.00000000000000                0 T           2
         331   165.50000000000000                0 T           3
         332   166.00000000000000                0 T           4
         333   166.50000000000000                0 T           2
         334   167.00000000000000                0 T           2
         335   167.50000000000000                0 T           3
         336   168.00000000000000                0 T           2
         337   168.50000000000000                0 T           3
         338   169.00000000000000                0 T           3
         339   169.50000000000000                0 T           2
         340   170.00000000000000                0 T           3
         341   170.50000000000000                0 T           2
         342   171.00000000000000                0 T           3
         343   171.50000000000000                0 T           1
         344   172.00000000000000                0 T           3
         345   172.50000000000000                0 T           2
         346   173.00000000000000                0 T           3
         347   173.50000000000000                0 T           2
         348   174.00000000000000                0 T           3
         349   174.50000000000000                0 T           2
         350   175.00000000000000                0 T           3
         351   175.50000000000000                0 T           3
         352   176.00000000000000                0 T           2
         353   176.50000000000000                0 T           3
         354   177.00000000000000                0 T           2
         355   177.50000000000000                0 T           3
         356   178.00000000000000                0 T           2
         357   178.50000000000000                0 T           3
         358   179.00000000000000                0 T           2
         359   179.50000000000000                0 T           3
         360   180.00000000000000                0 T           2
         361   180.50000000000000                0 T           3
         362   181.00000000000000                0 T           3
         363   181.50000000000000                0 T           3
         364   182.00000000000000                0 T           3
         365   182.50000000000000                0 T           3
         366   183.00000000000000                0 T           3
         367   183.50000000000000                0 T           4
         368   184.00000000000000                0 T           1
         369   184.50000000000000                0 T           3
         370   185.00000000000000                0 T           3
         371   185.50000000000000                0 T           3
         372   186.00000000000000                0 T           3
         373   186.50000000000000                0 T           3
         374   187.00000000000000                0 T           3
         375   187.50000000000000                0 T           3
         376   188.00000000000000                0 T           3
         377   188.50000000000000                0 T           2
         378   189.00000000000000                0 T           3
         379   189.50000000000000                0 T           2
         380   190.00000000000000                0 T           3
         381   190.50000000000000                0 T           2
         382   191.00000000000000                0 T           3
         383   191.50000000000000                0 T           3
         384   192.00000000000000                0 T           3
         385   192.50000000000000                0 T           4
         386   193.00000000000000                0 T           2
         387   193.50000000000000                0 T           2
         388   194.00000000000000                0 T           3
         389   194.50000000000000                0 T           3
         390   195.00000000000000                0 T           3
         391   195.50000000000000                0 T           3
         392   196.00000000000000                0 T           4
         393   196.50000000000000                0 T           1
         394   197.00000000000000                0 T           3
         395   197.50000000000000                0 T           3
         396   198.00000000000000                0 T           3
         397   198.50000000000000                0 T           3
         398   199.00000000000000                0 T           3
         399   199.50000000000000                0 T           3
         400   200.00000000000000                0 T           2
         401   200.50000000000000                0 T           3
         402   201.00000000000000                0 T           2
         403   201.50000000000000                0 T           3
         404   202.00000000000000                0 T           1
         405   202.50000000000000                0 T           3
         406   203.00000000000000                0 T           2
         407   203.50000000000000                0 T           3
         408   204.00000000000000                0 T           2
         409   204.50000000000000                0 T           2
         410   205.00000000000000                0 T           3
         411   205.50000000000000                0 T           1
         412   206.00000000000000                0 T           2
         413   206.50000000000000                0 T           3
         414   207.00000000000000                0 T           2
         415   207.50000000000000                0 T           3
         416   208.00000000000000                0 T           1
         417   208.50000000000000                0 T           3
         418   209.00000000000000                0 T           3
         419   209.50000000000000                0 T           2
         420   210.00000000000000                0 T           3
         421   210.50000000000000                0 T           2
         422   211.00000000000000                0 T           3
         423   211.50000000000000                0 T           1
         424   212.00000000000000                0 T           3
         425   212.50000000000000                0 T           2
         426   213.00000000000000                0 T           3
         427   213.50000000000000                0 T           1
         428   214.00000000000000                0 T           3
         429   214.50000000000000                0 T           2
         430   215.00000000000000                0 T           3
         431   215.50000000000000                0 T           2
         432   216.00000000000000                0 T           3
         433   216.50000000000000                0 T           1
         434   217.00000000000000                0 T           3
         435   217.50000000000000                0 T           2
         436   218.00000000000000                0 T           3
         437   218.50000000000000                0 T           3
         438   219.00000000000000                0 T           2
         439   219.50000000000000                0 T           3
         440   220.00000000000000                0 T           2
         441   220.50000000000000                0 T           3
         442   221.00000000000000                0 T           1
         443   221.50000000000000                0 T           3
         444   222.00000000000000                0 T           2
         445   222.50000000000000                0 T           3
         446   223.00000000000000                0 T           3
         447   223.50000000000000                0 T           2
         448   224.00000000000000                0 T           3
         449   224.50000000000000                0 T           1
         450   225.00000000000000                0 T           3
         451   225.50000000000000                0 T           1
         452   226.00000000000000                0 T           2
         453   226.50000000000000                0 T           2
         454   227.00000000000000                0 T           3
         455   227.50000000000000                0 T           1
         456   228.00000000000000                0 T           3
         457   228.50000000000000                0 T           2
         458   229.00000000000000                0 T           2
         459   229.50000000000000                0 T           2
         460   230.00000000000000                0 T           2
         461   230.50000000000000                0 T           3
         462   231.00000000000000                0 T           1
         463   231.50000000000000                0 T           2
         464   232.00000000000000                0 T           2
         465   232.50000000000000                0 T           2
         466   233.00000000000000                0 T           2
         467   233.50000000000000                0 T           3
         468   234.00000000000000                0 T           1
         469   234.50000000000000                0 T           3
         470   235.00000000000000                0 T           2
         471   235.50000000000000                0 T           3
         472   236.00000000000000                0 T           2
         473   236.50000000000000                0 T           3
         474   237.00000000000000                0 T           1
         475   237.50000000000000                0 T           3
         476   238.00000000000000                0 T           1
         477   238.50000000000000                0 T           3
         478   239.00000000000000                0 T           2
         479   239.50000000000000                0 T           3
         480   240.00000000000000                0 T           3
         481   240.50000000000000                0 T           2
         482   241.00000000000000                0 T           3
         483   241.50000000000000                0 T           2
         484   242.00000000000000                0 T           3
         485   242.50000000000000                0 T           1
         486   243.00000000000000                0 T           3
         487   243.50000000000000                0 T           1
         488   244.00000000000000                0 T           2
         489   244.50000000000000                0 T           2
         490   245.00000000000000                0 T           2
         491   245.50000000000000                0 T           2
         492   246.00000000000000                0 T           2
         493   246.50000000000000                0 T           3
         494   247.00000000000000                0 T           1
         495   247.50000000000000                0 T           2
         496   248.00000000000000                0 T           2
         497   248.50000000000000                0 T           2
         498   249.00000000000000                0 T           2
         499   249.50000000000000                0 T           3
         500   250.00000000000000                0 T           1
         501   250.50000000000000                0 T           2
         502   251.00000000000000                0 T           2
         503   251.50000000000000                0 T           3
         504   252.00000000000000                0 T           2
         505   252.50000000000000                0 T           2
         506   253.00000000000000                0 T           3
         507   253.50000000000000                0 T           2
         508   254.00000000000000                0 T           3
         509   254.50000000000000                0 T           2
         510   255.00000000000000                0 T           3
         511   255.50000000000000                0 T           2
         512   256.00000000000000                0 T           3
         513   256.50000000000000                0 T           2
         514   257.00000000000000                0 T           3
         515   257.50000000000000                0 T           2
         516   258.00000000000000                0 T           3
         517   258.50000000000000                0 T           1
         518   259.00000000000000                0 T           3
         519   259.50000000000000                0 T           1
         520   260.00000000000000                0 T           3
         521   260.50000000000000                0 T           2
         522   261.00000000000000                0 T           2
         523   261.50000000000000                0 T           2
         524   262.00000000000000                0 T           2
         525   262.50000000000000                0 T           2
         526   263.00000000000000                0 T           2
         527   263.50000000000000                0 T           3
         528   264.00000000000000                0 T           1
         529   264.50000000000000                0 T           2
         530   265.00000000000000                0 T           2
         531   265.50000000000000                0 T           2
         532   266.00000000000000                0 T           2
         533   266.50000000000000                0 T           2
         534   267.00000000000000                0 T           3
         535   267.50000000000000                0 T           1
         536   268.00000000000000                0 T           1
         537   268.50000000000000                0 T           3
         538   269.00000000000000                0 T           2
         539   269.50000000000000                0 T           2
         540   270.00000000000000                0 T           2
         541   270.50000000000000                0 T           2
         542   271.00000000000000                0 T           2
         543   271.50000000000000                0 T           1
         544   272.00000000000000                0 T           2
         545   272.50000000000000                0 T           2
         546   273.00000000000000                0 T           3
         547   273.50000000000000                0 T           1
         548   274.00000000000000                0 T           3
         549   274.50000000000000                0 T           2
         550   275.00000000000000                0 T           2
         551   275.50000000000000                0 T           2
         552   276.00000000000000                0 T           3
         553   276.50000000000000                0 T           2
         554   277.00000000000000                0 T           3
         555   277.50000000000000                0 T           2
         556   278.00000000000000                0 T           3
         557   278.50000000000000                0 T           1
         558   279.00000000000000                0 T           3
         559   279.50000000000000                0 T           1
         560   280.00000000000000                0 T           3
         561   280.50000000000000                0 T           1
         562   281.00000000000000                0 T           3
         563   281.50000000000000                0 T           3
         564   282.00000000000000                0 T           2
         565   282.50000000000000                0 T           3
         566   283.00000000000000                0 T           2
         567   283.50000000000000                0 T           2
         568   284.00000000000000                0 T           3
         569   284.50000000000000                0 T           1
         570   285.00000000000000                0 T           1
         571   285.50000000000000                0 T           2
         572   286.00000000000000                0 T           2
         573   286.50000000000000                0 T           3
         574   287.00000000000000                0 T           2
         575   287.50000000000000                0 T           3
         576   288.00000000000000                0 T           1
         577   288.50000000000000                0 T           2
         578   289.00000000000000                0 T           3
         579   289.50000000000000                0 T           2
         580   290.00000000000000                0 T           3
         581   290.50000000000000                0 T           2
         582   291.00000000000000                0 T           3
         583   291.50000000000000                0 T           1
         584   292.00000000000000                0 T           3
         585   292.50000000000000                0 T           3
         586   293.00000000000000                0 T           4
         587   293.50000000000000                0 T           2
         588   294.00000000000000                0 T           3
         589   294.50000000000000                0 T           3
         590   295.00000000000000                0 T           3
         591   295.50000000000000                0 T           3
         592   296.00000000000000                0 T           2
         593   296.50000000000000                0 T           3
         594   297.00000000000000                0 T           2
         595   297.50000000000000                0 T           3
         596   298.00000000000000                0 T           1
         597   298.50000000000000                0 T           2
         598   299.00000000000000                0 T           2
         599   299.50000000000000                0 T           2
         600   300.00000000000000                0 T           3
