2.927077709620949930e-01 3.647780365070235065e-01
3.431227224251260366e-01 4.707039738592100897e-01
3.431227224251260366e-01 4.707039738592100897e-01
3.431227224251260366e-01 4.707039738592100897e-01
2.927077709620949930e-01 3.647780365070235065e-01
3.431227224251260366e-01 4.707039738592100897e-01
3.431227224251260366e-01 4.707039738592100897e-01
3.431227224251260366e-01 4.707039738592100897e-01
2.927077709620949930e-01 3.647780365070235065e-01
3.431227224251260366e-01 4.707039738592100897e-01
3.431227224251260366e-01 4.707039738592100897e-01
3.431227224251260366e-01 4.707039738592100897e-01
2.927077709620949930e-01 3.647780365070235065e-01
3.431227224251260366e-01 4.707039738592100897e-01
3.431227224251260366e-01 4.707039738592100897e-01
3.431227224251260366e-01 4.707039738592100897e-01
2.927077709620949930e-01 3.647780365070235065e-01
3.431227224251260366e-01 4.707039738592100897e-01
3.431227224251260366e-01 4.707039738592100897e-01
3.431227224251260366e-01 4.707039738592100897e-01
